<?xml version="1.0" encoding="UTF-8"?>
<testsuite xmlns:xsi="http://www.w3.org/2001/XMLSchema-instance" xsi:noNamespaceSchemaLocation="https://maven.apache.org/surefire/maven-surefire-plugin/xsd/surefire-test-report.xsd" name="com.eden.springboot2config.Springboot2ConfigApplicationTests" time="5.385" tests="1" errors="0" skipped="0" failures="0">
  <properties>
    <property name="sun.desktop" value="windows"/>
    <property name="awt.toolkit" value="sun.awt.windows.WToolkit"/>
    <property name="file.encoding.pkg" value="sun.io"/>
    <property name="java.specification.version" value="1.8"/>
    <property name="sun.cpu.isalist" value="amd64"/>
    <property name="sun.jnu.encoding" value="GBK"/>
    <property name="java.class.path" value="D:\soft\IntelliJIDEA\workplace\springboot-2-config\target\test-classes;D:\soft\IntelliJIDEA\workplace\springboot-2-config\target\classes;D:\soft\Java\maven\apache-maven-3.6.3\localRepository\org\springframework\boot\spring-boot-starter-web\2.2.1.RELEASE\spring-boot-starter-web-2.2.1.RELEASE.jar;D:\soft\Java\maven\apache-maven-3.6.3\localRepository\org\springframework\boot\spring-boot-starter\2.2.1.RELEASE\spring-boot-starter-2.2.1.RELEASE.jar;D:\soft\Java\maven\apache-maven-3.6.3\localRepository\org\springframework\boot\spring-boot\2.2.1.RELEASE\spring-boot-2.2.1.RELEASE.jar;D:\soft\Java\maven\apache-maven-3.6.3\localRepository\org\springframework\boot\spring-boot-autoconfigure\2.2.1.RELEASE\spring-boot-autoconfigure-2.2.1.RELEASE.jar;D:\soft\Java\maven\apache-maven-3.6.3\localRepository\org\springframework\boot\spring-boot-starter-logging\2.2.1.RELEASE\spring-boot-starter-logging-2.2.1.RELEASE.jar;D:\soft\Java\maven\apache-maven-3.6.3\localRepository\ch\qos\logback\logback-classic\1.2.3\logback-classic-1.2.3.jar;D:\soft\Java\maven\apache-maven-3.6.3\localRepository\ch\qos\logback\logback-core\1.2.3\logback-core-1.2.3.jar;D:\soft\Java\maven\apache-maven-3.6.3\localRepository\org\apache\logging\log4j\log4j-to-slf4j\2.12.1\log4j-to-slf4j-2.12.1.jar;D:\soft\Java\maven\apache-maven-3.6.3\localRepository\org\apache\logging\log4j\log4j-api\2.12.1\log4j-api-2.12.1.jar;D:\soft\Java\maven\apache-maven-3.6.3\localRepository\org\slf4j\jul-to-slf4j\1.7.29\jul-to-slf4j-1.7.29.jar;D:\soft\Java\maven\apache-maven-3.6.3\localRepository\jakarta\annotation\jakarta.annotation-api\1.3.5\jakarta.annotation-api-1.3.5.jar;D:\soft\Java\maven\apache-maven-3.6.3\localRepository\org\yaml\snakeyaml\1.25\snakeyaml-1.25.jar;D:\soft\Java\maven\apache-maven-3.6.3\localRepository\org\springframework\boot\spring-boot-starter-json\2.2.1.RELEASE\spring-boot-starter-json-2.2.1.RELEASE.jar;D:\soft\Java\maven\apache-maven-3.6.3\localRepository\com\fasterxml\jackson\core\jackson-databind\2.10.0\jackson-databind-2.10.0.jar;D:\soft\Java\maven\apache-maven-3.6.3\localRepository\com\fasterxml\jackson\core\jackson-annotations\2.10.0\jackson-annotations-2.10.0.jar;D:\soft\Java\maven\apache-maven-3.6.3\localRepository\com\fasterxml\jackson\core\jackson-core\2.10.0\jackson-core-2.10.0.jar;D:\soft\Java\maven\apache-maven-3.6.3\localRepository\com\fasterxml\jackson\datatype\jackson-datatype-jdk8\2.10.0\jackson-datatype-jdk8-2.10.0.jar;D:\soft\Java\maven\apache-maven-3.6.3\localRepository\com\fasterxml\jackson\datatype\jackson-datatype-jsr310\2.10.0\jackson-datatype-jsr310-2.10.0.jar;D:\soft\Java\maven\apache-maven-3.6.3\localRepository\com\fasterxml\jackson\module\jackson-module-parameter-names\2.10.0\jackson-module-parameter-names-2.10.0.jar;D:\soft\Java\maven\apache-maven-3.6.3\localRepository\org\springframework\boot\spring-boot-starter-tomcat\2.2.1.RELEASE\spring-boot-starter-tomcat-2.2.1.RELEASE.jar;D:\soft\Java\maven\apache-maven-3.6.3\localRepository\org\apache\tomcat\embed\tomcat-embed-core\9.0.27\tomcat-embed-core-9.0.27.jar;D:\soft\Java\maven\apache-maven-3.6.3\localRepository\org\apache\tomcat\embed\tomcat-embed-el\9.0.27\tomcat-embed-el-9.0.27.jar;D:\soft\Java\maven\apache-maven-3.6.3\localRepository\org\apache\tomcat\embed\tomcat-embed-websocket\9.0.27\tomcat-embed-websocket-9.0.27.jar;D:\soft\Java\maven\apache-maven-3.6.3\localRepository\org\springframework\boot\spring-boot-starter-validation\2.2.1.RELEASE\spring-boot-starter-validation-2.2.1.RELEASE.jar;D:\soft\Java\maven\apache-maven-3.6.3\localRepository\jakarta\validation\jakarta.validation-api\2.0.1\jakarta.validation-api-2.0.1.jar;D:\soft\Java\maven\apache-maven-3.6.3\localRepository\org\hibernate\validator\hibernate-validator\6.0.18.Final\hibernate-validator-6.0.18.Final.jar;D:\soft\Java\maven\apache-maven-3.6.3\localRepository\org\jboss\logging\jboss-logging\3.4.1.Final\jboss-logging-3.4.1.Final.jar;D:\soft\Java\maven\apache-maven-3.6.3\localRepository\com\fasterxml\classmate\1.5.1\classmate-1.5.1.jar;D:\soft\Java\maven\apache-maven-3.6.3\localRepository\org\springframework\spring-web\5.2.1.RELEASE\spring-web-5.2.1.RELEASE.jar;D:\soft\Java\maven\apache-maven-3.6.3\localRepository\org\springframework\spring-beans\5.2.1.RELEASE\spring-beans-5.2.1.RELEASE.jar;D:\soft\Java\maven\apache-maven-3.6.3\localRepository\org\springframework\spring-webmvc\5.2.1.RELEASE\spring-webmvc-5.2.1.RELEASE.jar;D:\soft\Java\maven\apache-maven-3.6.3\localRepository\org\springframework\spring-aop\5.2.1.RELEASE\spring-aop-5.2.1.RELEASE.jar;D:\soft\Java\maven\apache-maven-3.6.3\localRepository\org\springframework\spring-context\5.2.1.RELEASE\spring-context-5.2.1.RELEASE.jar;D:\soft\Java\maven\apache-maven-3.6.3\localRepository\org\springframework\spring-expression\5.2.1.RELEASE\spring-expression-5.2.1.RELEASE.jar;D:\soft\Java\maven\apache-maven-3.6.3\localRepository\org\springframework\boot\spring-boot-starter-test\2.2.1.RELEASE\spring-boot-starter-test-2.2.1.RELEASE.jar;D:\soft\Java\maven\apache-maven-3.6.3\localRepository\org\springframework\boot\spring-boot-test\2.2.1.RELEASE\spring-boot-test-2.2.1.RELEASE.jar;D:\soft\Java\maven\apache-maven-3.6.3\localRepository\org\springframework\boot\spring-boot-test-autoconfigure\2.2.1.RELEASE\spring-boot-test-autoconfigure-2.2.1.RELEASE.jar;D:\soft\Java\maven\apache-maven-3.6.3\localRepository\com\jayway\jsonpath\json-path\2.4.0\json-path-2.4.0.jar;D:\soft\Java\maven\apache-maven-3.6.3\localRepository\net\minidev\json-smart\2.3\json-smart-2.3.jar;D:\soft\Java\maven\apache-maven-3.6.3\localRepository\net\minidev\accessors-smart\1.2\accessors-smart-1.2.jar;D:\soft\Java\maven\apache-maven-3.6.3\localRepository\org\ow2\asm\asm\5.0.4\asm-5.0.4.jar;D:\soft\Java\maven\apache-maven-3.6.3\localRepository\org\slf4j\slf4j-api\1.7.29\slf4j-api-1.7.29.jar;D:\soft\Java\maven\apache-maven-3.6.3\localRepository\jakarta\xml\bind\jakarta.xml.bind-api\2.3.2\jakarta.xml.bind-api-2.3.2.jar;D:\soft\Java\maven\apache-maven-3.6.3\localRepository\jakarta\activation\jakarta.activation-api\1.2.1\jakarta.activation-api-1.2.1.jar;D:\soft\Java\maven\apache-maven-3.6.3\localRepository\org\junit\jupiter\junit-jupiter\5.5.2\junit-jupiter-5.5.2.jar;D:\soft\Java\maven\apache-maven-3.6.3\localRepository\org\junit\jupiter\junit-jupiter-api\5.5.2\junit-jupiter-api-5.5.2.jar;D:\soft\Java\maven\apache-maven-3.6.3\localRepository\org\apiguardian\apiguardian-api\1.1.0\apiguardian-api-1.1.0.jar;D:\soft\Java\maven\apache-maven-3.6.3\localRepository\org\opentest4j\opentest4j\1.2.0\opentest4j-1.2.0.jar;D:\soft\Java\maven\apache-maven-3.6.3\localRepository\org\junit\platform\junit-platform-commons\1.5.2\junit-platform-commons-1.5.2.jar;D:\soft\Java\maven\apache-maven-3.6.3\localRepository\org\junit\jupiter\junit-jupiter-params\5.5.2\junit-jupiter-params-5.5.2.jar;D:\soft\Java\maven\apache-maven-3.6.3\localRepository\org\junit\jupiter\junit-jupiter-engine\5.5.2\junit-jupiter-engine-5.5.2.jar;D:\soft\Java\maven\apache-maven-3.6.3\localRepository\org\junit\platform\junit-platform-engine\1.5.2\junit-platform-engine-1.5.2.jar;D:\soft\Java\maven\apache-maven-3.6.3\localRepository\org\mockito\mockito-junit-jupiter\3.1.0\mockito-junit-jupiter-3.1.0.jar;D:\soft\Java\maven\apache-maven-3.6.3\localRepository\org\assertj\assertj-core\3.13.2\assertj-core-3.13.2.jar;D:\soft\Java\maven\apache-maven-3.6.3\localRepository\org\hamcrest\hamcrest\2.1\hamcrest-2.1.jar;D:\soft\Java\maven\apache-maven-3.6.3\localRepository\org\mockito\mockito-core\3.1.0\mockito-core-3.1.0.jar;D:\soft\Java\maven\apache-maven-3.6.3\localRepository\net\bytebuddy\byte-buddy\1.10.2\byte-buddy-1.10.2.jar;D:\soft\Java\maven\apache-maven-3.6.3\localRepository\net\bytebuddy\byte-buddy-agent\1.10.2\byte-buddy-agent-1.10.2.jar;D:\soft\Java\maven\apache-maven-3.6.3\localRepository\org\objenesis\objenesis\2.6\objenesis-2.6.jar;D:\soft\Java\maven\apache-maven-3.6.3\localRepository\org\skyscreamer\jsonassert\1.5.0\jsonassert-1.5.0.jar;D:\soft\Java\maven\apache-maven-3.6.3\localRepository\com\vaadin\external\google\android-json\0.0.20131108.vaadin1\android-json-0.0.20131108.vaadin1.jar;D:\soft\Java\maven\apache-maven-3.6.3\localRepository\org\springframework\spring-core\5.2.1.RELEASE\spring-core-5.2.1.RELEASE.jar;D:\soft\Java\maven\apache-maven-3.6.3\localRepository\org\springframework\spring-jcl\5.2.1.RELEASE\spring-jcl-5.2.1.RELEASE.jar;D:\soft\Java\maven\apache-maven-3.6.3\localRepository\org\springframework\spring-test\5.2.1.RELEASE\spring-test-5.2.1.RELEASE.jar;D:\soft\Java\maven\apache-maven-3.6.3\localRepository\org\xmlunit\xmlunit-core\2.6.3\xmlunit-core-2.6.3.jar;"/>
    <property name="java.vm.vendor" value="Oracle Corporation"/>
    <property name="sun.arch.data.model" value="64"/>
    <property name="user.variant" value=""/>
    <property name="java.vendor.url" value="http://java.oracle.com/"/>
    <property name="user.timezone" value="Asia/Shanghai"/>
    <property name="java.vm.specification.version" value="1.8"/>
    <property name="os.name" value="Windows 10"/>
    <property name="user.country" value="CN"/>
    <property name="sun.java.launcher" value="SUN_STANDARD"/>
    <property name="sun.boot.library.path" value="D:\soft\Java\JDK\jre\bin"/>
    <property name="sun.java.command" value="C:\Users\eden\AppData\Local\Temp\surefire4258881132039525887\surefirebooter610202545631744233.jar C:\Users\eden\AppData\Local\Temp\surefire4258881132039525887 2019-12-01T22-16-15_089-jvmRun1 surefire6020410849712832860tmp surefire_02869434992551585669tmp"/>
    <property name="surefire.test.class.path" value="D:\soft\IntelliJIDEA\workplace\springboot-2-config\target\test-classes;D:\soft\IntelliJIDEA\workplace\springboot-2-config\target\classes;D:\soft\Java\maven\apache-maven-3.6.3\localRepository\org\springframework\boot\spring-boot-starter-web\2.2.1.RELEASE\spring-boot-starter-web-2.2.1.RELEASE.jar;D:\soft\Java\maven\apache-maven-3.6.3\localRepository\org\springframework\boot\spring-boot-starter\2.2.1.RELEASE\spring-boot-starter-2.2.1.RELEASE.jar;D:\soft\Java\maven\apache-maven-3.6.3\localRepository\org\springframework\boot\spring-boot\2.2.1.RELEASE\spring-boot-2.2.1.RELEASE.jar;D:\soft\Java\maven\apache-maven-3.6.3\localRepository\org\springframework\boot\spring-boot-autoconfigure\2.2.1.RELEASE\spring-boot-autoconfigure-2.2.1.RELEASE.jar;D:\soft\Java\maven\apache-maven-3.6.3\localRepository\org\springframework\boot\spring-boot-starter-logging\2.2.1.RELEASE\spring-boot-starter-logging-2.2.1.RELEASE.jar;D:\soft\Java\maven\apache-maven-3.6.3\localRepository\ch\qos\logback\logback-classic\1.2.3\logback-classic-1.2.3.jar;D:\soft\Java\maven\apache-maven-3.6.3\localRepository\ch\qos\logback\logback-core\1.2.3\logback-core-1.2.3.jar;D:\soft\Java\maven\apache-maven-3.6.3\localRepository\org\apache\logging\log4j\log4j-to-slf4j\2.12.1\log4j-to-slf4j-2.12.1.jar;D:\soft\Java\maven\apache-maven-3.6.3\localRepository\org\apache\logging\log4j\log4j-api\2.12.1\log4j-api-2.12.1.jar;D:\soft\Java\maven\apache-maven-3.6.3\localRepository\org\slf4j\jul-to-slf4j\1.7.29\jul-to-slf4j-1.7.29.jar;D:\soft\Java\maven\apache-maven-3.6.3\localRepository\jakarta\annotation\jakarta.annotation-api\1.3.5\jakarta.annotation-api-1.3.5.jar;D:\soft\Java\maven\apache-maven-3.6.3\localRepository\org\yaml\snakeyaml\1.25\snakeyaml-1.25.jar;D:\soft\Java\maven\apache-maven-3.6.3\localRepository\org\springframework\boot\spring-boot-starter-json\2.2.1.RELEASE\spring-boot-starter-json-2.2.1.RELEASE.jar;D:\soft\Java\maven\apache-maven-3.6.3\localRepository\com\fasterxml\jackson\core\jackson-databind\2.10.0\jackson-databind-2.10.0.jar;D:\soft\Java\maven\apache-maven-3.6.3\localRepository\com\fasterxml\jackson\core\jackson-annotations\2.10.0\jackson-annotations-2.10.0.jar;D:\soft\Java\maven\apache-maven-3.6.3\localRepository\com\fasterxml\jackson\core\jackson-core\2.10.0\jackson-core-2.10.0.jar;D:\soft\Java\maven\apache-maven-3.6.3\localRepository\com\fasterxml\jackson\datatype\jackson-datatype-jdk8\2.10.0\jackson-datatype-jdk8-2.10.0.jar;D:\soft\Java\maven\apache-maven-3.6.3\localRepository\com\fasterxml\jackson\datatype\jackson-datatype-jsr310\2.10.0\jackson-datatype-jsr310-2.10.0.jar;D:\soft\Java\maven\apache-maven-3.6.3\localRepository\com\fasterxml\jackson\module\jackson-module-parameter-names\2.10.0\jackson-module-parameter-names-2.10.0.jar;D:\soft\Java\maven\apache-maven-3.6.3\localRepository\org\springframework\boot\spring-boot-starter-tomcat\2.2.1.RELEASE\spring-boot-starter-tomcat-2.2.1.RELEASE.jar;D:\soft\Java\maven\apache-maven-3.6.3\localRepository\org\apache\tomcat\embed\tomcat-embed-core\9.0.27\tomcat-embed-core-9.0.27.jar;D:\soft\Java\maven\apache-maven-3.6.3\localRepository\org\apache\tomcat\embed\tomcat-embed-el\9.0.27\tomcat-embed-el-9.0.27.jar;D:\soft\Java\maven\apache-maven-3.6.3\localRepository\org\apache\tomcat\embed\tomcat-embed-websocket\9.0.27\tomcat-embed-websocket-9.0.27.jar;D:\soft\Java\maven\apache-maven-3.6.3\localRepository\org\springframework\boot\spring-boot-starter-validation\2.2.1.RELEASE\spring-boot-starter-validation-2.2.1.RELEASE.jar;D:\soft\Java\maven\apache-maven-3.6.3\localRepository\jakarta\validation\jakarta.validation-api\2.0.1\jakarta.validation-api-2.0.1.jar;D:\soft\Java\maven\apache-maven-3.6.3\localRepository\org\hibernate\validator\hibernate-validator\6.0.18.Final\hibernate-validator-6.0.18.Final.jar;D:\soft\Java\maven\apache-maven-3.6.3\localRepository\org\jboss\logging\jboss-logging\3.4.1.Final\jboss-logging-3.4.1.Final.jar;D:\soft\Java\maven\apache-maven-3.6.3\localRepository\com\fasterxml\classmate\1.5.1\classmate-1.5.1.jar;D:\soft\Java\maven\apache-maven-3.6.3\localRepository\org\springframework\spring-web\5.2.1.RELEASE\spring-web-5.2.1.RELEASE.jar;D:\soft\Java\maven\apache-maven-3.6.3\localRepository\org\springframework\spring-beans\5.2.1.RELEASE\spring-beans-5.2.1.RELEASE.jar;D:\soft\Java\maven\apache-maven-3.6.3\localRepository\org\springframework\spring-webmvc\5.2.1.RELEASE\spring-webmvc-5.2.1.RELEASE.jar;D:\soft\Java\maven\apache-maven-3.6.3\localRepository\org\springframework\spring-aop\5.2.1.RELEASE\spring-aop-5.2.1.RELEASE.jar;D:\soft\Java\maven\apache-maven-3.6.3\localRepository\org\springframework\spring-context\5.2.1.RELEASE\spring-context-5.2.1.RELEASE.jar;D:\soft\Java\maven\apache-maven-3.6.3\localRepository\org\springframework\spring-expression\5.2.1.RELEASE\spring-expression-5.2.1.RELEASE.jar;D:\soft\Java\maven\apache-maven-3.6.3\localRepository\org\springframework\boot\spring-boot-starter-test\2.2.1.RELEASE\spring-boot-starter-test-2.2.1.RELEASE.jar;D:\soft\Java\maven\apache-maven-3.6.3\localRepository\org\springframework\boot\spring-boot-test\2.2.1.RELEASE\spring-boot-test-2.2.1.RELEASE.jar;D:\soft\Java\maven\apache-maven-3.6.3\localRepository\org\springframework\boot\spring-boot-test-autoconfigure\2.2.1.RELEASE\spring-boot-test-autoconfigure-2.2.1.RELEASE.jar;D:\soft\Java\maven\apache-maven-3.6.3\localRepository\com\jayway\jsonpath\json-path\2.4.0\json-path-2.4.0.jar;D:\soft\Java\maven\apache-maven-3.6.3\localRepository\net\minidev\json-smart\2.3\json-smart-2.3.jar;D:\soft\Java\maven\apache-maven-3.6.3\localRepository\net\minidev\accessors-smart\1.2\accessors-smart-1.2.jar;D:\soft\Java\maven\apache-maven-3.6.3\localRepository\org\ow2\asm\asm\5.0.4\asm-5.0.4.jar;D:\soft\Java\maven\apache-maven-3.6.3\localRepository\org\slf4j\slf4j-api\1.7.29\slf4j-api-1.7.29.jar;D:\soft\Java\maven\apache-maven-3.6.3\localRepository\jakarta\xml\bind\jakarta.xml.bind-api\2.3.2\jakarta.xml.bind-api-2.3.2.jar;D:\soft\Java\maven\apache-maven-3.6.3\localRepository\jakarta\activation\jakarta.activation-api\1.2.1\jakarta.activation-api-1.2.1.jar;D:\soft\Java\maven\apache-maven-3.6.3\localRepository\org\junit\jupiter\junit-jupiter\5.5.2\junit-jupiter-5.5.2.jar;D:\soft\Java\maven\apache-maven-3.6.3\localRepository\org\junit\jupiter\junit-jupiter-api\5.5.2\junit-jupiter-api-5.5.2.jar;D:\soft\Java\maven\apache-maven-3.6.3\localRepository\org\apiguardian\apiguardian-api\1.1.0\apiguardian-api-1.1.0.jar;D:\soft\Java\maven\apache-maven-3.6.3\localRepository\org\opentest4j\opentest4j\1.2.0\opentest4j-1.2.0.jar;D:\soft\Java\maven\apache-maven-3.6.3\localRepository\org\junit\platform\junit-platform-commons\1.5.2\junit-platform-commons-1.5.2.jar;D:\soft\Java\maven\apache-maven-3.6.3\localRepository\org\junit\jupiter\junit-jupiter-params\5.5.2\junit-jupiter-params-5.5.2.jar;D:\soft\Java\maven\apache-maven-3.6.3\localRepository\org\junit\jupiter\junit-jupiter-engine\5.5.2\junit-jupiter-engine-5.5.2.jar;D:\soft\Java\maven\apache-maven-3.6.3\localRepository\org\junit\platform\junit-platform-engine\1.5.2\junit-platform-engine-1.5.2.jar;D:\soft\Java\maven\apache-maven-3.6.3\localRepository\org\mockito\mockito-junit-jupiter\3.1.0\mockito-junit-jupiter-3.1.0.jar;D:\soft\Java\maven\apache-maven-3.6.3\localRepository\org\assertj\assertj-core\3.13.2\assertj-core-3.13.2.jar;D:\soft\Java\maven\apache-maven-3.6.3\localRepository\org\hamcrest\hamcrest\2.1\hamcrest-2.1.jar;D:\soft\Java\maven\apache-maven-3.6.3\localRepository\org\mockito\mockito-core\3.1.0\mockito-core-3.1.0.jar;D:\soft\Java\maven\apache-maven-3.6.3\localRepository\net\bytebuddy\byte-buddy\1.10.2\byte-buddy-1.10.2.jar;D:\soft\Java\maven\apache-maven-3.6.3\localRepository\net\bytebuddy\byte-buddy-agent\1.10.2\byte-buddy-agent-1.10.2.jar;D:\soft\Java\maven\apache-maven-3.6.3\localRepository\org\objenesis\objenesis\2.6\objenesis-2.6.jar;D:\soft\Java\maven\apache-maven-3.6.3\localRepository\org\skyscreamer\jsonassert\1.5.0\jsonassert-1.5.0.jar;D:\soft\Java\maven\apache-maven-3.6.3\localRepository\com\vaadin\external\google\android-json\0.0.20131108.vaadin1\android-json-0.0.20131108.vaadin1.jar;D:\soft\Java\maven\apache-maven-3.6.3\localRepository\org\springframework\spring-core\5.2.1.RELEASE\spring-core-5.2.1.RELEASE.jar;D:\soft\Java\maven\apache-maven-3.6.3\localRepository\org\springframework\spring-jcl\5.2.1.RELEASE\spring-jcl-5.2.1.RELEASE.jar;D:\soft\Java\maven\apache-maven-3.6.3\localRepository\org\springframework\spring-test\5.2.1.RELEASE\spring-test-5.2.1.RELEASE.jar;D:\soft\Java\maven\apache-maven-3.6.3\localRepository\org\xmlunit\xmlunit-core\2.6.3\xmlunit-core-2.6.3.jar;"/>
    <property name="sun.cpu.endian" value="little"/>
    <property name="user.home" value="C:\Users\eden"/>
    <property name="user.language" value="zh"/>
    <property name="java.specification.vendor" value="Oracle Corporation"/>
    <property name="java.home" value="D:\soft\Java\JDK\jre"/>
    <property name="basedir" value="D:\soft\IntelliJIDEA\workplace\springboot-2-config"/>
    <property name="file.separator" value="\"/>
    <property name="line.separator" value="&#10;"/>
    <property name="idea.version2019.2.4" value="true"/>
    <property name="java.vm.specification.vendor" value="Oracle Corporation"/>
    <property name="java.specification.name" value="Java Platform API Specification"/>
    <property name="java.awt.graphicsenv" value="sun.awt.Win32GraphicsEnvironment"/>
    <property name="surefire.real.class.path" value="C:\Users\eden\AppData\Local\Temp\surefire4258881132039525887\surefirebooter610202545631744233.jar"/>
    <property name="sun.boot.class.path" value="D:\soft\Java\JDK\jre\lib\resources.jar;D:\soft\Java\JDK\jre\lib\rt.jar;D:\soft\Java\JDK\jre\lib\sunrsasign.jar;D:\soft\Java\JDK\jre\lib\jsse.jar;D:\soft\Java\JDK\jre\lib\jce.jar;D:\soft\Java\JDK\jre\lib\charsets.jar;D:\soft\Java\JDK\jre\lib\jfr.jar;D:\soft\Java\JDK\jre\classes"/>
    <property name="user.script" value=""/>
    <property name="sun.management.compiler" value="HotSpot 64-Bit Tiered Compilers"/>
    <property name="java.runtime.version" value="1.8.0_231-b11"/>
    <property name="user.name" value="eden"/>
    <property name="path.separator" value=";"/>
    <property name="os.version" value="10.0"/>
    <property name="java.endorsed.dirs" value="D:\soft\Java\JDK\jre\lib\endorsed"/>
    <property name="java.runtime.name" value="Java(TM) SE Runtime Environment"/>
    <property name="file.encoding" value="GBK"/>
    <property name="java.vm.name" value="Java HotSpot(TM) 64-Bit Server VM"/>
    <property name="localRepository" value="D:\soft\Java\maven\apache-maven-3.6.3\localRepository"/>
    <property name="java.vendor.url.bug" value="http://bugreport.sun.com/bugreport/"/>
    <property name="java.io.tmpdir" value="C:\Users\eden\AppData\Local\Temp\"/>
    <property name="java.version" value="1.8.0_231"/>
    <property name="user.dir" value="D:\soft\IntelliJIDEA\workplace\springboot-2-config"/>
    <property name="os.arch" value="amd64"/>
    <property name="java.vm.specification.name" value="Java Virtual Machine Specification"/>
    <property name="java.awt.printerjob" value="sun.awt.windows.WPrinterJob"/>
    <property name="sun.os.patch.level" value=""/>
    <property name="java.library.path" value="D:\soft\Java\JDK\jre\bin;C:\Windows\Sun\Java\bin;C:\Windows\system32;C:\Windows;C:\Program Files (x86)\Common Files\Oracle\Java\javapath;C:\Windows\system32;C:\Windows;C:\Windows\System32\Wbem;C:\Windows\System32\WindowsPowerShell\v1.0\;C:\Windows\System32\OpenSSH\;D:\soft\Python\Scripts\;D:\soft\Python\;D:\soft\GitHub\git-for-windows\Git\cmd;D:\soft\codeblocks\MinGW\bin;D:\soft\Java\tmocat\apache-tomcat-7.0.96\bin;D:\soft\Java\tmocat\apache-tomcat-8.5.47\bin;D:\soft\Java\tmocat\apache-tomcat-8.5.47\lib;D:\soft\svn\bin;D:\soft\TortoiseSVN\bin;D:\soft\Java\maven\apache-maven-3.2.5\bin;C:\Users\eden\AppData\Local\Programs\Python\Python37\Scripts\;C:\Users\eden\AppData\Local\Programs\Python\Python37\;D:\soft\Python\Scripts\;D:\soft\Python\;C:\Users\eden\AppData\Local\Microsoft\WindowsApps;;."/>
    <property name="java.vm.info" value="mixed mode"/>
    <property name="java.vendor" value="Oracle Corporation"/>
    <property name="java.vm.version" value="25.231-b11"/>
    <property name="java.ext.dirs" value="D:\soft\Java\JDK\jre\lib\ext;C:\Windows\Sun\Java\lib\ext"/>
    <property name="sun.io.unicode.encoding" value="UnicodeLittle"/>
    <property name="java.class.version" value="52.0"/>
  </properties>
  <testcase name="contextLoads" classname="com.eden.springboot2config.Springboot2ConfigApplicationTests" time="0.372"/>
</testsuite>